<?xml version="1.0" encoding="UTF-8"?>
<!-- Generated by org.testng.reporters.JUnitReportReporter -->
<testsuite hostname="Rabina-Ridharv" failures="0" tests="1" name="rabinaqueendom.Tests.ErrorValidation" time="19.202" errors="0" timestamp="2024-12-20T18:22:39 IST" skipped="0">
  <testcase classname="rabinaqueendom.Tests.ErrorValidation" name="submitOrders" time="19.202"/>
  <system-out/>
</testsuite> <!-- rabinaqueendom.Tests.ErrorValidation -->
